  application.cpp
c:\users\lars martin\documents\ttk4550-project\procg\lib\glm\glm\ext\../detail/type_quat.hpp(58): warning C4201: nonstandard extension used: nameless struct/union
  c:\users\lars martin\documents\ttk4550-project\procg\lib\glm\glm\ext\../detail/type_quat.hpp(137): note: see reference to class template instantiation 'glm::qua<T,Q>' being compiled
C:\Users\Lars Martin\Documents\TTK4550-Project\ProcG\src\application.cpp(4): fatal error C1083: Cannot open include file: 'utilities/windowSettings.h': No such file or directory
  main.cpp
C:\Users\Lars Martin\Documents\TTK4550-Project\ProcG\src\main.cpp(6): fatal error C1083: Cannot open include file: 'utilities/windowSettings.h': No such file or directory
  context.cpp
C:\Users\Lars Martin\Documents\TTK4550-Project\ProcG\src\rendering\context.cpp(7): error C2955: 'Context': use of class template requires template argument list
  c:\users\lars martin\documents\ttk4550-project\procg\src\rendering\context.hpp(14): note: see declaration of 'Context'
C:\Users\Lars Martin\Documents\TTK4550-Project\ProcG\src\rendering\context.cpp(8): error C2509: '{ctor}': member function not declared in 'Context'
  c:\users\lars martin\documents\ttk4550-project\procg\src\rendering\context.hpp(14): note: see declaration of 'Context'
  effects.cpp
c:\users\lars martin\documents\ttk4550-project\procg\lib\glm\glm\ext\../detail/type_quat.hpp(58): warning C4201: nonstandard extension used: nameless struct/union
  c:\users\lars martin\documents\ttk4550-project\procg\lib\glm\glm\ext\../detail/type_quat.hpp(137): note: see reference to class template instantiation 'glm::qua<T,Q>' being compiled
C:\Users\Lars Martin\Documents\TTK4550-Project\ProcG\src\camera.hpp(81): warning C4244: '=': conversion from 'double' to 'GLfloat', possible loss of data
C:\Users\Lars Martin\Documents\TTK4550-Project\ProcG\src\camera.hpp(82): warning C4244: '=': conversion from 'double' to 'GLfloat', possible loss of data
C:\Users\Lars Martin\Documents\TTK4550-Project\ProcG\src\camera.hpp(87): warning C4244: '=': conversion from 'double' to 'GLfloat', possible loss of data
C:\Users\Lars Martin\Documents\TTK4550-Project\ProcG\src\camera.hpp(88): warning C4244: '=': conversion from 'double' to 'GLfloat', possible loss of data
C:\Users\Lars Martin\Documents\TTK4550-Project\ProcG\src\camera.hpp(91): warning C4244: '=': conversion from 'double' to 'GLfloat', possible loss of data
C:\Users\Lars Martin\Documents\TTK4550-Project\ProcG\src\camera.hpp(92): warning C4244: '=': conversion from 'double' to 'GLfloat', possible loss of data
c:\users\lars martin\documents\ttk4550-project\procg\src\rendering\renderer.hpp(16): error C2955: 'Context': use of class template requires template argument list
  c:\users\lars martin\documents\ttk4550-project\procg\src\rendering\context.hpp(14): note: see declaration of 'Context'
C:\Users\Lars Martin\Documents\TTK4550-Project\ProcG\src\rendering\effects.cpp(2): fatal error C1083: Cannot open include file: 'engine.hpp': No such file or directory
  glUtilities.cpp
C:\Users\Lars Martin\Documents\TTK4550-Project\ProcG\src\rendering\glUtilities.cpp(1): fatal error C1083: Cannot open include file: 'engine.hpp': No such file or directory
  openGLContext.cpp
C:\Users\Lars Martin\Documents\TTK4550-Project\ProcG\src\rendering\openGLContext.cpp(8): error C2653: 'openGLContext': is not a class or namespace name
C:\Users\Lars Martin\Documents\TTK4550-Project\ProcG\src\rendering\openGLContext.cpp(9): error C4430: missing type specifier - int assumed. Note: C++ does not support default-int
C:\Users\Lars Martin\Documents\TTK4550-Project\ProcG\src\rendering\openGLContext.cpp(23): error C2065: 'windowSamples': undeclared identifier
C:\Users\Lars Martin\Documents\TTK4550-Project\ProcG\src\rendering\openGLContext.cpp(25): error C2065: 'glfwErrorCallback': undeclared identifier
C:\Users\Lars Martin\Documents\TTK4550-Project\ProcG\src\rendering\openGLContext.cpp(27): error C2065: 'windowWidth': undeclared identifier
C:\Users\Lars Martin\Documents\TTK4550-Project\ProcG\src\rendering\openGLContext.cpp(28): error C2065: 'windowHeight': undeclared identifier
C:\Users\Lars Martin\Documents\TTK4550-Project\ProcG\src\rendering\openGLContext.cpp(29): error C2065: 'windowTitle': undeclared identifier
C:\Users\Lars Martin\Documents\TTK4550-Project\ProcG\src\rendering\openGLContext.cpp(29): error C2228: left of '.c_str' must have class/struct/union
  C:\Users\Lars Martin\Documents\TTK4550-Project\ProcG\src\rendering\openGLContext.cpp(29): note: type is 'unknown-type'
C:\Users\Lars Martin\Documents\TTK4550-Project\ProcG\src\rendering\openGLContext.cpp(45): error C2065: 'windowWidth': undeclared identifier
C:\Users\Lars Martin\Documents\TTK4550-Project\ProcG\src\rendering\openGLContext.cpp(45): error C2065: 'windowHeight': undeclared identifier
C:\Users\Lars Martin\Documents\TTK4550-Project\ProcG\src\rendering\openGLContext.cpp(52): warning C4508: 'openGLContext': function should return a value; 'void' return type assumed
  renderer.cpp
c:\users\lars martin\documents\ttk4550-project\procg\lib\glm\glm\ext\../detail/type_quat.hpp(58): warning C4201: nonstandard extension used: nameless struct/union
  c:\users\lars martin\documents\ttk4550-project\procg\lib\glm\glm\ext\../detail/type_quat.hpp(137): note: see reference to class template instantiation 'glm::qua<T,Q>' being compiled
C:\Users\Lars Martin\Documents\TTK4550-Project\ProcG\src\camera.hpp(81): warning C4244: '=': conversion from 'double' to 'GLfloat', possible loss of data
C:\Users\Lars Martin\Documents\TTK4550-Project\ProcG\src\camera.hpp(82): warning C4244: '=': conversion from 'double' to 'GLfloat', possible loss of data
C:\Users\Lars Martin\Documents\TTK4550-Project\ProcG\src\camera.hpp(87): warning C4244: '=': conversion from 'double' to 'GLfloat', possible loss of data
C:\Users\Lars Martin\Documents\TTK4550-Project\ProcG\src\camera.hpp(88): warning C4244: '=': conversion from 'double' to 'GLfloat', possible loss of data
C:\Users\Lars Martin\Documents\TTK4550-Project\ProcG\src\camera.hpp(91): warning C4244: '=': conversion from 'double' to 'GLfloat', possible loss of data
C:\Users\Lars Martin\Documents\TTK4550-Project\ProcG\src\camera.hpp(92): warning C4244: '=': conversion from 'double' to 'GLfloat', possible loss of data
c:\users\lars martin\documents\ttk4550-project\procg\src\rendering\renderer.hpp(16): error C2955: 'Context': use of class template requires template argument list
  c:\users\lars martin\documents\ttk4550-project\procg\src\rendering\context.hpp(14): note: see declaration of 'Context'
C:\Users\Lars Martin\Documents\TTK4550-Project\ProcG\src\rendering\renderer.cpp(2): fatal error C1083: Cannot open include file: 'engine.hpp': No such file or directory
  shader.cpp
  scene.cpp
c:\users\lars martin\documents\ttk4550-project\procg\lib\glm\glm\ext\../detail/type_quat.hpp(58): warning C4201: nonstandard extension used: nameless struct/union
  c:\users\lars martin\documents\ttk4550-project\procg\lib\glm\glm\ext\../detail/type_quat.hpp(137): note: see reference to class template instantiation 'glm::qua<T,Q>' being compiled
C:\Users\Lars Martin\Documents\TTK4550-Project\ProcG\src\scene.cpp(8): fatal error C1083: Cannot open include file: 'utilities/windowSettings.h': No such file or directory
  sceneGraph.cpp
c:\users\lars martin\documents\ttk4550-project\procg\lib\glm\glm\ext\../detail/type_quat.hpp(58): warning C4201: nonstandard extension used: nameless struct/union
  c:\users\lars martin\documents\ttk4550-project\procg\lib\glm\glm\ext\../detail/type_quat.hpp(137): note: see reference to class template instantiation 'glm::qua<T,Q>' being compiled
  shapes.cpp
C:\Users\Lars Martin\Documents\TTK4550-Project\ProcG\src\shapes.cpp(105): warning C4244: 'initializing': conversion from 'double' to 'float', possible loss of data
C:\Users\Lars Martin\Documents\TTK4550-Project\ProcG\src\shapes.cpp(105): warning C4244: 'initializing': conversion from 'double' to 'const float', possible loss of data
C:\Users\Lars Martin\Documents\TTK4550-Project\ProcG\src\shapes.cpp(106): warning C4244: 'initializing': conversion from 'double' to 'float', possible loss of data
C:\Users\Lars Martin\Documents\TTK4550-Project\ProcG\src\shapes.cpp(106): warning C4244: 'initializing': conversion from 'double' to 'const float', possible loss of data
  terrain.cpp
c:\users\lars martin\documents\ttk4550-project\procg\lib\glm\glm\ext\../detail/type_quat.hpp(58): warning C4201: nonstandard extension used: nameless struct/union
  c:\users\lars martin\documents\ttk4550-project\procg\lib\glm\glm\ext\../detail/type_quat.hpp(137): note: see reference to class template instantiation 'glm::qua<T,Q>' being compiled
C:\Users\Lars Martin\Documents\TTK4550-Project\ProcG\src\terrain\terrain.cpp(4): fatal error C1083: Cannot open include file: 'utilities/windowSettings.h': No such file or directory
  timeUtilities.cpp
  Generating Code...
